Arguments: 
  D:\Downloads\Nodejs\node.exe C:\Users\TPC\AppData\Roaming\npm\node_modules\yarn\bin\yarn.js install

PATH: 
  D:\python\Scripts\;D:\python\;C:\ProgramData\Oracle\Java\javapath;D:\Mplap\maplap v3.47\mpasm;D:\Mplap\maplap v3.47\bin;C:\Windows\system32;C:\Windows;C:\Windows\System32\Wbem;C:\Windows\System32\WindowsPowerShell\v1.0\;C:\Windows\System32\OpenSSH\;C:\Program Files\NVIDIA Corporation\NVIDIA NvDLISR;C:\WINDOWS\system32;C:\WINDOWS;C:\WINDOWS\System32\Wbem;C:\WINDOWS\System32\WindowsPowerShell\v1.0\;C:\WINDOWS\System32\OpenSSH\;D:\Matlap\MPLAB C32 Suite\bin;D:\Mplap\MPLAB C32 Suite\bin;D:\Git\cmd;D:\MinGW\bin;D:\Downloads\Nodejs\;C:\Program Files\dotnet\;D:\Mplap\maplap v3.47\mpasm;D:\Mplap\maplap v3.47\bin;D:\Matlap\mplap\mpasm;D:\Matlap\mplap\bin;D:\mpasm;C:\Users\TPC\AppData\Local\Microsoft\WindowsApps;D:\Microsoft VS Code\bin;D:\MinGW\bin;D:\Pycharm\PyCharm Community Edition 2021.2.2\bin;;C:\Users\TPC\AppData\Roaming\npm;C:\Program Files (x86)\Dev-Cpp\MinGW64\bin;

Yarn version: 
  1.22.18

Node version: 
  16.13.0

Platform: 
  win32 x64

Trace: 
  Error: EPERM: operation not permitted, unlink 'D:\vscode\Product\HIT_Product\Backend\node_modules\bcrypt\lib\binding\napi-v3\bcrypt_lib.node'

npm manifest: 
  {
    "name": "project-complete",
    "version": "1.0.0",
    "description": "",
    "main": "index.js",
    "scripts": {
      "test": "echo \"Error: no test specified\" && exit 1",
      "start": "NODE_ENV=development nodemon --exec ./node_modules/.bin/babel-node src/index.js"
    },
    "author": "",
    "license": "ISC",
    "dependencies": {
      "bcrypt": "^5.0.1",
      "body-parser": "^1.20.0",
      "compression": "^1.7.4",
      "cookie-parser": "^1.4.6",
      "cors": "^2.8.5",
      "cron": "^2.0.0",
      "dateformat": "^5.0.3",
      "dotenv": "^16.0.0",
      "ejs": "^3.1.6",
      "express": "^4.17.3",
      "express-mongo-sanitize": "^2.2.0",
      "express-rate-limit": "^6.4.0",
      "express-session": "^1.17.3",
      "fluent-ffmpeg": "^2.1.2",
      "helmet": "^5.1.0",
      "hpp": "^0.2.3",
      "http-status": "^1.5.2",
      "jsonwebtoken": "^8.5.1",
      "moment": "^2.29.3",
      "mongoose": "^6.3.4",
      "morgan": "^1.10.0",
      "multer": "^1.4.5-lts.1",
      "nodemailer": "^6.7.5",
      "passport": "^0.6.0",
      "passport-facebook": "^3.0.0",
      "socket.io": "^4.5.1",
      "validator": "^13.7.0",
      "win-node-env": "^0.6.1",
      "winston": "^3.7.2",
      "xss-clean": "^0.1.1"
    },
    "devDependencies": {
      "@babel/core": "^7.17.9",
      "@babel/node": "^7.16.8",
      "@babel/preset-env": "^7.16.11",
      "nodemon": "^2.0.15",
      "win-node-env": "^0.6.1"
    }
  }

yarn manifest: 
  No manifest

Lockfile: 
  No lockfile
